Arguments: 
  C:\Program Files\nodejs\node.exe C:\Program Files\nodejs\node_modules\yarn\bin\yarn.js add gatsby-source-custom-api

PATH: 
  C:\WINDOWS\system32;C:\WINDOWS;C:\WINDOWS\System32\Wbem;C:\WINDOWS\System32\WindowsPowerShell\v1.0\;C:\WINDOWS\System32\OpenSSH\;C:\Users\Govind\AppData\Roaming\nvm;C:\Program Files\nodejs;C:\Program Files\PuTTY\;C:\Program Files (x86)\GTK2-Runtime\bin;C:\ProgramData\chocolatey\bin;C:\Program Files (x86)\HP\Common\HPDestPlgIn\;C:\Program Files\Microsoft SQL Server\150\Tools\Binn\;C:\Program Files\Microsoft SQL Server\Client SDK\ODBC\170\Tools\Binn\;C:\Program Files\dotnet\;E:\xampp-8.0.2\php;C:\Program Files\Git\cmd;C:\ComposerSetup;;C:\Program Files\Docker\Docker\resources\bin;E:\xampp-8.0.2\php;C:\Users\Govind\AppData\Local\Microsoft\WindowsApps;C:\Users\Govind\AppData\Local\Programs\Microsoft VS Code\bin;C:\Users\Govind\AppData\Roaming\nvm;C:\Program Files\nodejs;C:\Program Files\heroku\bin;C:\Program Files (x86)\HP\Common\HPDestPlgIn\;C:\Users\Govind\.dotnet\tools;C:\Users\Govind\AppData\Roaming\Composer\vendor\bin;

Yarn version: 
  1.22.19

Node version: 
  18.12.1

Platform: 
  win32 x64

Trace: 
  Error: EPERM: operation not permitted, unlink 'E:\Gatsby\artemish\node_modules\@lmdb\lmdb-win32-x64\node.abi108.node'

npm manifest: 
  {
    "name": "artemish",
    "version": "1.0.0",
    "private": true,
    "description": "artemish",
    "author": "Govind Namdev",
    "keywords": [
      "gatsby"
    ],
    "scripts": {
      "develop": "gatsby develop",
      "start": "gatsby develop",
      "build": "gatsby build",
      "serve": "gatsby serve",
      "clean": "gatsby clean",
      "typecheck": "tsc --noEmit"
    },
    "dependencies": {
      "@emotion/react": "^11.11.1",
      "@mdx-js/react": "^2.3.0",
      "@theme-ui/mdx": "^0.16.0",
      "gatsby": "^5.11.0",
      "gatsby-plugin-image": "^3.11.0",
      "gatsby-plugin-manifest": "^5.11.0",
      "gatsby-plugin-mdx": "^5.11.0",
      "gatsby-plugin-sharp": "^5.11.0",
      "gatsby-plugin-sitemap": "^6.11.0",
      "gatsby-plugin-theme-ui": "^0.16.0",
      "gatsby-source-filesystem": "^5.11.0",
      "gatsby-source-graphql": "^5.11.0",
      "gatsby-source-wordpress": "^7.11.0",
      "gatsby-transformer-remark": "^6.11.0",
      "gatsby-transformer-sharp": "^5.11.0",
      "react": "^18.2.0",
      "react-dom": "^18.2.0",
      "theme-ui": "^0.16.0"
    },
    "devDependencies": {
      "@types/node": "^20.3.1",
      "@types/react": "^18.2.14",
      "@types/react-dom": "^18.2.6",
      "typescript": "^5.1.3"
    }
  }

yarn manifest: 
  No manifest

Lockfile: 
  No lockfile
